<?xml version="1.0" encoding="UTF-8"?>
<testng-results skipped="0" failed="0" total="0" passed="0">
  <reporter-output>
  </reporter-output>
  <suite name="packRunner.TestRunner" duration-ms="1" started-at="2016-10-13T09:52:14Z" finished-at="2016-10-13T09:52:14Z">
    <groups>
    </groups>
    <test name="Command line test" duration-ms="1" started-at="2016-10-13T09:52:14Z" finished-at="2016-10-13T09:52:14Z">
    </test> <!-- Command line test -->
  </suite> <!-- packRunner.TestRunner -->
</testng-results>
